{"timestamp":"2025-04-11T09:10:51.397Z","level":"info","message":"Starting plugin processing...","details":{}}
{"timestamp":"2025-04-11T09:10:54.186Z","level":"info","message":"Created backup at: /home/runner/work/Internal---TechOps-Automation/Internal---TechOps-Automation/_backups/backup-2025-04-11T09-10-51-400Z","details":{}}
{"timestamp":"2025-04-11T09:10:54.186Z","level":"info","message":"Fetching plugins list...","details":{}}
{"timestamp":"2025-04-11T09:10:55.561Z","level":"info","message":"Found 25 plugins to process","details":{}}
{"timestamp":"2025-04-11T09:10:55.561Z","level":"info","message":"Created activation states file at: /home/runner/work/Internal---TechOps-Automation/Internal---TechOps-Automation/activation-states.json","details":{}}
{"timestamp":"2025-04-11T09:10:55.562Z","level":"info","message":"Processing plugin: akismet","details":{}}
{"timestamp":"2025-04-11T09:11:01.663Z","level":"info","message":"Successfully processed plugin: akismet","details":{}}
{"timestamp":"2025-04-11T09:11:01.663Z","level":"info","message":"Successfully processed plugin: akismet","details":{}}
{"timestamp":"2025-04-11T09:11:01.664Z","level":"info","message":"Processing plugin: bbpress","details":{}}
{"timestamp":"2025-04-11T09:11:09.335Z","level":"info","message":"Successfully processed plugin: bbpress","details":{}}
{"timestamp":"2025-04-11T09:11:09.336Z","level":"info","message":"Successfully processed plugin: bbpress","details":{}}
{"timestamp":"2025-04-11T09:11:09.336Z","level":"info","message":"Processing plugin: breeze","details":{}}
{"timestamp":"2025-04-11T09:11:16.092Z","level":"info","message":"Successfully processed plugin: breeze","details":{}}
{"timestamp":"2025-04-11T09:11:16.092Z","level":"info","message":"Successfully processed plugin: breeze","details":{}}
{"timestamp":"2025-04-11T09:11:16.092Z","level":"info","message":"Processing plugin: advanced-nocaptcha-recaptcha","details":{}}
{"timestamp":"2025-04-11T09:11:21.986Z","level":"info","message":"Successfully processed plugin: advanced-nocaptcha-recaptcha","details":{}}
{"timestamp":"2025-04-11T09:11:21.987Z","level":"info","message":"Successfully processed plugin: advanced-nocaptcha-recaptcha","details":{}}
{"timestamp":"2025-04-11T09:11:21.987Z","level":"info","message":"Processing plugin: classic-editor","details":{}}
{"timestamp":"2025-04-11T09:11:27.550Z","level":"info","message":"Successfully processed plugin: classic-editor","details":{}}
{"timestamp":"2025-04-11T09:11:27.550Z","level":"info","message":"Successfully processed plugin: classic-editor","details":{}}
{"timestamp":"2025-04-11T09:11:27.550Z","level":"info","message":"Processing plugin: contact-form-7","details":{}}
{"timestamp":"2025-04-11T09:11:33.648Z","level":"info","message":"Successfully processed plugin: contact-form-7","details":{}}
{"timestamp":"2025-04-11T09:11:33.649Z","level":"info","message":"Successfully processed plugin: contact-form-7","details":{}}
{"timestamp":"2025-04-11T09:11:33.649Z","level":"info","message":"Processing plugin: db-access-adminer","details":{}}
{"timestamp":"2025-04-11T09:11:40.045Z","level":"info","message":"Successfully processed plugin: db-access-adminer","details":{}}
{"timestamp":"2025-04-11T09:11:40.045Z","level":"info","message":"Successfully processed plugin: db-access-adminer","details":{}}
{"timestamp":"2025-04-11T09:11:40.045Z","level":"info","message":"Processing plugin: download-plugins-dashboard","details":{}}
{"timestamp":"2025-04-11T09:11:45.756Z","level":"info","message":"Successfully processed plugin: download-plugins-dashboard","details":{}}
{"timestamp":"2025-04-11T09:11:45.756Z","level":"info","message":"Successfully processed plugin: download-plugins-dashboard","details":{}}
{"timestamp":"2025-04-11T09:11:45.756Z","level":"info","message":"Processing plugin: email-log","details":{}}
{"timestamp":"2025-04-11T09:11:51.466Z","level":"info","message":"Successfully processed plugin: email-log","details":{}}
{"timestamp":"2025-04-11T09:11:51.466Z","level":"info","message":"Successfully processed plugin: email-log","details":{}}
{"timestamp":"2025-04-11T09:11:51.467Z","level":"info","message":"Processing plugin: googleanalytics.php","details":{}}
{"timestamp":"2025-04-11T09:12:22.827Z","level":"info","message":"Successfully processed plugin: googleanalytics.php","details":{}}
{"timestamp":"2025-04-11T09:12:22.827Z","level":"info","message":"Successfully processed plugin: googleanalytics.php","details":{}}
{"timestamp":"2025-04-11T09:12:22.827Z","level":"info","message":"Processing plugin: hcaptcha-for-forms-and-more","details":{}}
{"timestamp":"2025-04-11T09:12:32.338Z","level":"info","message":"Successfully processed plugin: hcaptcha-for-forms-and-more","details":{}}
{"timestamp":"2025-04-11T09:12:32.338Z","level":"info","message":"Successfully processed plugin: hcaptcha-for-forms-and-more","details":{}}
{"timestamp":"2025-04-11T09:12:32.338Z","level":"info","message":"Processing plugin: hello.php","details":{}}
{"timestamp":"2025-04-11T09:13:05.113Z","level":"info","message":"Successfully processed plugin: hello.php","details":{}}
{"timestamp":"2025-04-11T09:13:05.113Z","level":"info","message":"Successfully processed plugin: hello.php","details":{}}
{"timestamp":"2025-04-11T09:13:05.113Z","level":"info","message":"Processing plugin: wp-maintenance-mode","details":{}}
{"timestamp":"2025-04-11T09:13:18.935Z","level":"info","message":"Successfully processed plugin: wp-maintenance-mode","details":{}}
{"timestamp":"2025-04-11T09:13:18.935Z","level":"info","message":"Successfully processed plugin: wp-maintenance-mode","details":{}}
{"timestamp":"2025-04-11T09:13:18.935Z","level":"info","message":"Processing plugin: object-cache-pro","details":{}}
{"timestamp":"2025-04-11T09:13:30.862Z","level":"info","message":"Successfully processed plugin: object-cache-pro","details":{}}
{"timestamp":"2025-04-11T09:13:30.862Z","level":"info","message":"Successfully processed plugin: object-cache-pro","details":{}}
{"timestamp":"2025-04-11T09:13:30.862Z","level":"info","message":"Processing plugin: otter-blocks","details":{}}
{"timestamp":"2025-04-11T09:13:44.920Z","level":"info","message":"Successfully processed plugin: otter-blocks","details":{}}
{"timestamp":"2025-04-11T09:13:44.920Z","level":"info","message":"Successfully processed plugin: otter-blocks","details":{}}
{"timestamp":"2025-04-11T09:13:44.920Z","level":"info","message":"Processing plugin: stop-emails","details":{}}
{"timestamp":"2025-04-11T09:13:56.218Z","level":"info","message":"Successfully processed plugin: stop-emails","details":{}}
{"timestamp":"2025-04-11T09:13:56.219Z","level":"info","message":"Successfully processed plugin: stop-emails","details":{}}
{"timestamp":"2025-04-11T09:13:56.219Z","level":"info","message":"Processing plugin: td-cloud-library","details":{}}
{"timestamp":"2025-04-11T09:14:09.150Z","level":"info","message":"Successfully processed plugin: td-cloud-library","details":{}}
{"timestamp":"2025-04-11T09:14:09.151Z","level":"info","message":"Successfully processed plugin: td-cloud-library","details":{}}
{"timestamp":"2025-04-11T09:14:09.151Z","level":"info","message":"Processing plugin: td-composer","details":{}}
{"timestamp":"2025-04-11T09:14:26.216Z","level":"info","message":"Successfully processed plugin: td-composer","details":{}}
{"timestamp":"2025-04-11T09:14:26.216Z","level":"info","message":"Successfully processed plugin: td-composer","details":{}}
{"timestamp":"2025-04-11T09:14:26.216Z","level":"info","message":"Processing plugin: updraftplus","details":{}}
{"timestamp":"2025-04-11T09:14:40.299Z","level":"info","message":"Successfully processed plugin: updraftplus","details":{}}
{"timestamp":"2025-04-11T09:14:40.299Z","level":"info","message":"Successfully processed plugin: updraftplus","details":{}}
{"timestamp":"2025-04-11T09:14:40.299Z","level":"info","message":"Processing plugin: wordfence","details":{}}
{"timestamp":"2025-04-11T09:14:58.442Z","level":"info","message":"Successfully processed plugin: wordfence","details":{}}
{"timestamp":"2025-04-11T09:14:58.442Z","level":"info","message":"Successfully processed plugin: wordfence","details":{}}
{"timestamp":"2025-04-11T09:14:58.442Z","level":"info","message":"Processing plugin: wp-security-audit-log","details":{}}
{"timestamp":"2025-04-11T09:15:12.968Z","level":"info","message":"Successfully processed plugin: wp-security-audit-log","details":{}}
{"timestamp":"2025-04-11T09:15:12.968Z","level":"info","message":"Successfully processed plugin: wp-security-audit-log","details":{}}
{"timestamp":"2025-04-11T09:15:12.968Z","level":"info","message":"Processing plugin: wpforms-lite","details":{}}
{"timestamp":"2025-04-11T09:15:28.631Z","level":"info","message":"Successfully processed plugin: wpforms-lite","details":{}}
{"timestamp":"2025-04-11T09:15:28.631Z","level":"info","message":"Successfully processed plugin: wpforms-lite","details":{}}
{"timestamp":"2025-04-11T09:15:28.631Z","level":"info","message":"Processing plugin: wp-mail-smtp","details":{}}
{"timestamp":"2025-04-11T09:15:42.128Z","level":"info","message":"Successfully processed plugin: wp-mail-smtp","details":{}}
{"timestamp":"2025-04-11T09:15:42.128Z","level":"info","message":"Successfully processed plugin: wp-mail-smtp","details":{}}
{"timestamp":"2025-04-11T09:15:42.128Z","level":"info","message":"Processing plugin: wordpress-seo","details":{}}
{"timestamp":"2025-04-11T09:15:55.928Z","level":"info","message":"Successfully processed plugin: wordpress-seo","details":{}}
{"timestamp":"2025-04-11T09:15:55.928Z","level":"info","message":"Successfully processed plugin: wordpress-seo","details":{}}
{"timestamp":"2025-04-11T09:15:55.928Z","level":"info","message":"Plugin processing completed","details":{}}
