{"timestamp":"2025-04-30T06:05:51.857Z","level":"info","name":"ProcessPlugins","message":"Skipping excluded plugin: techops-content-sync","details":{}}
{"timestamp":"2025-04-30T06:05:51.857Z","level":"info","name":"ProcessPlugins","message":"Processing 25 plugins...","details":{}}
{"timestamp":"2025-04-30T06:05:51.858Z","level":"info","name":"ProcessPlugins","message":"\nProcessing plugin: akismet","details":{}}
{"timestamp":"2025-04-30T06:05:51.858Z","level":"info","name":"ProcessPlugins","message":"Plugin directory path: /home/runner/work/Internal---TechOps-Automation/Internal---TechOps-Automation/wp-content/plugins/akismet","details":{}}
{"timestamp":"2025-04-30T06:05:51.858Z","level":"info","name":"ProcessPlugins","message":"Plugin zip path: /home/runner/work/Internal---TechOps-Automation/Internal---TechOps-Automation/wp-content/plugins/akismet.zip","details":{}}
{"timestamp":"2025-04-30T06:05:53.580Z","level":"info","name":"ProcessPlugins","message":"Removing existing akismet directory...","details":{}}
{"timestamp":"2025-04-30T06:05:53.584Z","level":"info","name":"ProcessPlugins","message":"Downloading akismet...","details":{}}
{"timestamp":"2025-04-30T06:05:55.169Z","level":"info","name":"ProcessPlugins","message":"Extracting akismet...","details":{}}
{"timestamp":"2025-04-30T06:05:55.177Z","level":"info","name":"ProcessPlugins","message":"Verifying akismet contents...","details":{}}
{"timestamp":"2025-04-30T06:05:55.177Z","level":"info","name":"ProcessPlugins","message":"Plugin directory contains 14 files/directories","details":{}}
{"timestamp":"2025-04-30T06:05:55.177Z","level":"info","name":"ProcessPlugins","message":"Updated activation state for akismet","details":{}}
{"timestamp":"2025-04-30T06:05:55.177Z","level":"info","name":"ProcessPlugins","message":"✅ Successfully processed akismet","details":{}}
{"timestamp":"2025-04-30T06:05:55.177Z","level":"info","name":"ProcessPlugins","message":"\nProcessing plugin: bbpress","details":{}}
{"timestamp":"2025-04-30T06:05:55.178Z","level":"info","name":"ProcessPlugins","message":"Plugin directory path: /home/runner/work/Internal---TechOps-Automation/Internal---TechOps-Automation/wp-content/plugins/bbpress","details":{}}
{"timestamp":"2025-04-30T06:05:55.178Z","level":"info","name":"ProcessPlugins","message":"Plugin zip path: /home/runner/work/Internal---TechOps-Automation/Internal---TechOps-Automation/wp-content/plugins/bbpress.zip","details":{}}
{"timestamp":"2025-04-30T06:05:57.642Z","level":"info","name":"ProcessPlugins","message":"Removing existing bbpress directory...","details":{}}
{"timestamp":"2025-04-30T06:05:57.654Z","level":"info","name":"ProcessPlugins","message":"Downloading bbpress...","details":{}}
{"timestamp":"2025-04-30T06:06:00.424Z","level":"info","name":"ProcessPlugins","message":"Extracting bbpress...","details":{}}
{"timestamp":"2025-04-30T06:06:00.457Z","level":"info","name":"ProcessPlugins","message":"Verifying bbpress contents...","details":{}}
{"timestamp":"2025-04-30T06:06:00.457Z","level":"info","name":"ProcessPlugins","message":"Plugin directory contains 9 files/directories","details":{}}
{"timestamp":"2025-04-30T06:06:00.458Z","level":"info","name":"ProcessPlugins","message":"Updated activation state for bbpress","details":{}}
{"timestamp":"2025-04-30T06:06:00.458Z","level":"info","name":"ProcessPlugins","message":"✅ Successfully processed bbpress","details":{}}
{"timestamp":"2025-04-30T06:06:00.458Z","level":"info","name":"ProcessPlugins","message":"\nProcessing plugin: breeze","details":{}}
{"timestamp":"2025-04-30T06:06:00.458Z","level":"info","name":"ProcessPlugins","message":"Plugin directory path: /home/runner/work/Internal---TechOps-Automation/Internal---TechOps-Automation/wp-content/plugins/breeze","details":{}}
{"timestamp":"2025-04-30T06:06:00.458Z","level":"info","name":"ProcessPlugins","message":"Plugin zip path: /home/runner/work/Internal---TechOps-Automation/Internal---TechOps-Automation/wp-content/plugins/breeze.zip","details":{}}
{"timestamp":"2025-04-30T06:06:02.317Z","level":"info","name":"ProcessPlugins","message":"Removing existing breeze directory...","details":{}}
{"timestamp":"2025-04-30T06:06:02.337Z","level":"info","name":"ProcessPlugins","message":"Downloading breeze...","details":{}}
{"timestamp":"2025-04-30T06:06:04.823Z","level":"info","name":"ProcessPlugins","message":"Extracting breeze...","details":{}}
{"timestamp":"2025-04-30T06:06:04.862Z","level":"info","name":"ProcessPlugins","message":"Verifying breeze contents...","details":{}}
{"timestamp":"2025-04-30T06:06:04.862Z","level":"info","name":"ProcessPlugins","message":"Plugin directory contains 10 files/directories","details":{}}
{"timestamp":"2025-04-30T06:06:04.863Z","level":"info","name":"ProcessPlugins","message":"Updated activation state for breeze","details":{}}
{"timestamp":"2025-04-30T06:06:04.863Z","level":"info","name":"ProcessPlugins","message":"✅ Successfully processed breeze","details":{}}
{"timestamp":"2025-04-30T06:06:04.863Z","level":"info","name":"ProcessPlugins","message":"\nProcessing plugin: advanced-nocaptcha-recaptcha","details":{}}
{"timestamp":"2025-04-30T06:06:04.863Z","level":"info","name":"ProcessPlugins","message":"Plugin directory path: /home/runner/work/Internal---TechOps-Automation/Internal---TechOps-Automation/wp-content/plugins/advanced-nocaptcha-recaptcha","details":{}}
{"timestamp":"2025-04-30T06:06:04.863Z","level":"info","name":"ProcessPlugins","message":"Plugin zip path: /home/runner/work/Internal---TechOps-Automation/Internal---TechOps-Automation/wp-content/plugins/advanced-nocaptcha-recaptcha.zip","details":{}}
{"timestamp":"2025-04-30T06:06:06.479Z","level":"info","name":"ProcessPlugins","message":"Removing existing advanced-nocaptcha-recaptcha directory...","details":{}}
{"timestamp":"2025-04-30T06:06:06.483Z","level":"info","name":"ProcessPlugins","message":"Downloading advanced-nocaptcha-recaptcha...","details":{}}
{"timestamp":"2025-04-30T06:06:08.408Z","level":"info","name":"ProcessPlugins","message":"Extracting advanced-nocaptcha-recaptcha...","details":{}}
{"timestamp":"2025-04-30T06:06:08.417Z","level":"info","name":"ProcessPlugins","message":"Verifying advanced-nocaptcha-recaptcha contents...","details":{}}
{"timestamp":"2025-04-30T06:06:08.417Z","level":"info","name":"ProcessPlugins","message":"Plugin directory contains 9 files/directories","details":{}}
{"timestamp":"2025-04-30T06:06:08.417Z","level":"info","name":"ProcessPlugins","message":"Updated activation state for advanced-nocaptcha-recaptcha","details":{}}
{"timestamp":"2025-04-30T06:06:08.417Z","level":"info","name":"ProcessPlugins","message":"✅ Successfully processed advanced-nocaptcha-recaptcha","details":{}}
{"timestamp":"2025-04-30T06:06:08.418Z","level":"info","name":"ProcessPlugins","message":"\nProcessing plugin: classic-editor","details":{}}
{"timestamp":"2025-04-30T06:06:08.418Z","level":"info","name":"ProcessPlugins","message":"Plugin directory path: /home/runner/work/Internal---TechOps-Automation/Internal---TechOps-Automation/wp-content/plugins/classic-editor","details":{}}
{"timestamp":"2025-04-30T06:06:08.418Z","level":"info","name":"ProcessPlugins","message":"Plugin zip path: /home/runner/work/Internal---TechOps-Automation/Internal---TechOps-Automation/wp-content/plugins/classic-editor.zip","details":{}}
{"timestamp":"2025-04-30T06:06:10.071Z","level":"info","name":"ProcessPlugins","message":"Removing existing classic-editor directory...","details":{}}
{"timestamp":"2025-04-30T06:06:10.072Z","level":"info","name":"ProcessPlugins","message":"Downloading classic-editor...","details":{}}
{"timestamp":"2025-04-30T06:06:11.479Z","level":"info","name":"ProcessPlugins","message":"Extracting classic-editor...","details":{}}
{"timestamp":"2025-04-30T06:06:11.483Z","level":"info","name":"ProcessPlugins","message":"Verifying classic-editor contents...","details":{}}
{"timestamp":"2025-04-30T06:06:11.483Z","level":"info","name":"ProcessPlugins","message":"Plugin directory contains 5 files/directories","details":{}}
{"timestamp":"2025-04-30T06:06:11.484Z","level":"info","name":"ProcessPlugins","message":"Updated activation state for classic-editor","details":{}}
{"timestamp":"2025-04-30T06:06:11.484Z","level":"info","name":"ProcessPlugins","message":"✅ Successfully processed classic-editor","details":{}}
{"timestamp":"2025-04-30T06:06:11.484Z","level":"info","name":"ProcessPlugins","message":"\nProcessing plugin: contact-form-7","details":{}}
{"timestamp":"2025-04-30T06:06:11.484Z","level":"info","name":"ProcessPlugins","message":"Plugin directory path: /home/runner/work/Internal---TechOps-Automation/Internal---TechOps-Automation/wp-content/plugins/contact-form-7","details":{}}
{"timestamp":"2025-04-30T06:06:11.484Z","level":"info","name":"ProcessPlugins","message":"Plugin zip path: /home/runner/work/Internal---TechOps-Automation/Internal---TechOps-Automation/wp-content/plugins/contact-form-7.zip","details":{}}
{"timestamp":"2025-04-30T06:06:13.114Z","level":"info","name":"ProcessPlugins","message":"Removing existing contact-form-7 directory...","details":{}}
{"timestamp":"2025-04-30T06:06:13.123Z","level":"info","name":"ProcessPlugins","message":"Downloading contact-form-7...","details":{}}
{"timestamp":"2025-04-30T06:06:14.851Z","level":"info","name":"ProcessPlugins","message":"Extracting contact-form-7...","details":{}}
{"timestamp":"2025-04-30T06:06:14.868Z","level":"info","name":"ProcessPlugins","message":"Verifying contact-form-7 contents...","details":{}}
{"timestamp":"2025-04-30T06:06:14.868Z","level":"info","name":"ProcessPlugins","message":"Plugin directory contains 10 files/directories","details":{}}
{"timestamp":"2025-04-30T06:06:14.868Z","level":"info","name":"ProcessPlugins","message":"Updated activation state for contact-form-7","details":{}}
{"timestamp":"2025-04-30T06:06:14.869Z","level":"info","name":"ProcessPlugins","message":"✅ Successfully processed contact-form-7","details":{}}
{"timestamp":"2025-04-30T06:06:14.869Z","level":"info","name":"ProcessPlugins","message":"\nProcessing plugin: db-access-adminer","details":{}}
{"timestamp":"2025-04-30T06:06:14.869Z","level":"info","name":"ProcessPlugins","message":"Plugin directory path: /home/runner/work/Internal---TechOps-Automation/Internal---TechOps-Automation/wp-content/plugins/db-access-adminer","details":{}}
{"timestamp":"2025-04-30T06:06:14.869Z","level":"info","name":"ProcessPlugins","message":"Plugin zip path: /home/runner/work/Internal---TechOps-Automation/Internal---TechOps-Automation/wp-content/plugins/db-access-adminer.zip","details":{}}
{"timestamp":"2025-04-30T06:06:16.462Z","level":"info","name":"ProcessPlugins","message":"Removing existing db-access-adminer directory...","details":{}}
{"timestamp":"2025-04-30T06:06:16.463Z","level":"info","name":"ProcessPlugins","message":"Downloading db-access-adminer...","details":{}}
{"timestamp":"2025-04-30T06:06:18.200Z","level":"info","name":"ProcessPlugins","message":"Extracting db-access-adminer...","details":{}}
{"timestamp":"2025-04-30T06:06:18.211Z","level":"info","name":"ProcessPlugins","message":"Verifying db-access-adminer contents...","details":{}}
{"timestamp":"2025-04-30T06:06:18.211Z","level":"info","name":"ProcessPlugins","message":"Plugin directory contains 17 files/directories","details":{}}
{"timestamp":"2025-04-30T06:06:18.211Z","level":"info","name":"ProcessPlugins","message":"Updated activation state for db-access-adminer","details":{}}
{"timestamp":"2025-04-30T06:06:18.211Z","level":"info","name":"ProcessPlugins","message":"✅ Successfully processed db-access-adminer","details":{}}
{"timestamp":"2025-04-30T06:06:18.212Z","level":"info","name":"ProcessPlugins","message":"\nProcessing plugin: download-plugins-dashboard","details":{}}
{"timestamp":"2025-04-30T06:06:18.212Z","level":"info","name":"ProcessPlugins","message":"Plugin directory path: /home/runner/work/Internal---TechOps-Automation/Internal---TechOps-Automation/wp-content/plugins/download-plugins-dashboard","details":{}}
{"timestamp":"2025-04-30T06:06:18.212Z","level":"info","name":"ProcessPlugins","message":"Plugin zip path: /home/runner/work/Internal---TechOps-Automation/Internal---TechOps-Automation/wp-content/plugins/download-plugins-dashboard.zip","details":{}}
{"timestamp":"2025-04-30T06:06:19.791Z","level":"info","name":"ProcessPlugins","message":"Removing existing download-plugins-dashboard directory...","details":{}}
{"timestamp":"2025-04-30T06:06:19.795Z","level":"info","name":"ProcessPlugins","message":"Downloading download-plugins-dashboard...","details":{}}
{"timestamp":"2025-04-30T06:06:21.150Z","level":"info","name":"ProcessPlugins","message":"Extracting download-plugins-dashboard...","details":{}}
{"timestamp":"2025-04-30T06:06:21.157Z","level":"info","name":"ProcessPlugins","message":"Verifying download-plugins-dashboard contents...","details":{}}
{"timestamp":"2025-04-30T06:06:21.157Z","level":"info","name":"ProcessPlugins","message":"Plugin directory contains 7 files/directories","details":{}}
{"timestamp":"2025-04-30T06:06:21.157Z","level":"info","name":"ProcessPlugins","message":"Updated activation state for download-plugins-dashboard","details":{}}
{"timestamp":"2025-04-30T06:06:21.157Z","level":"info","name":"ProcessPlugins","message":"✅ Successfully processed download-plugins-dashboard","details":{}}
{"timestamp":"2025-04-30T06:06:21.157Z","level":"info","name":"ProcessPlugins","message":"\nProcessing plugin: email-log","details":{}}
{"timestamp":"2025-04-30T06:06:21.157Z","level":"info","name":"ProcessPlugins","message":"Plugin directory path: /home/runner/work/Internal---TechOps-Automation/Internal---TechOps-Automation/wp-content/plugins/email-log","details":{}}
{"timestamp":"2025-04-30T06:06:21.157Z","level":"info","name":"ProcessPlugins","message":"Plugin zip path: /home/runner/work/Internal---TechOps-Automation/Internal---TechOps-Automation/wp-content/plugins/email-log.zip","details":{}}
{"timestamp":"2025-04-30T06:06:22.713Z","level":"info","name":"ProcessPlugins","message":"Removing existing email-log directory...","details":{}}
{"timestamp":"2025-04-30T06:06:22.719Z","level":"info","name":"ProcessPlugins","message":"Downloading email-log...","details":{}}
{"timestamp":"2025-04-30T06:06:24.241Z","level":"info","name":"ProcessPlugins","message":"Extracting email-log...","details":{}}
{"timestamp":"2025-04-30T06:06:24.251Z","level":"info","name":"ProcessPlugins","message":"Verifying email-log contents...","details":{}}
{"timestamp":"2025-04-30T06:06:24.252Z","level":"info","name":"ProcessPlugins","message":"Plugin directory contains 9 files/directories","details":{}}
{"timestamp":"2025-04-30T06:06:24.252Z","level":"info","name":"ProcessPlugins","message":"Updated activation state for email-log","details":{}}
{"timestamp":"2025-04-30T06:06:24.252Z","level":"info","name":"ProcessPlugins","message":"✅ Successfully processed email-log","details":{}}
{"timestamp":"2025-04-30T06:06:24.252Z","level":"info","name":"ProcessPlugins","message":"\nProcessing plugin: googleanalytics.php","details":{}}
{"timestamp":"2025-04-30T06:06:24.252Z","level":"info","name":"ProcessPlugins","message":"Plugin directory path: /home/runner/work/Internal---TechOps-Automation/Internal---TechOps-Automation/wp-content/plugins/googleanalytics.php","details":{}}
{"timestamp":"2025-04-30T06:06:24.252Z","level":"info","name":"ProcessPlugins","message":"Plugin zip path: /home/runner/work/Internal---TechOps-Automation/Internal---TechOps-Automation/wp-content/plugins/googleanalytics.php.zip","details":{}}
{"timestamp":"2025-04-30T06:06:25.893Z","level":"info","name":"ProcessPlugins","message":"Removing existing googleanalytics.php directory...","details":{}}
{"timestamp":"2025-04-30T06:06:26.620Z","level":"info","name":"ProcessPlugins","message":"Downloading googleanalytics.php...","details":{}}
{"timestamp":"2025-04-30T06:06:48.873Z","level":"info","name":"ProcessPlugins","message":"Extracting googleanalytics.php...","details":{}}
{"timestamp":"2025-04-30T06:06:50.904Z","level":"info","name":"ProcessPlugins","message":"Verifying googleanalytics.php contents...","details":{}}
{"timestamp":"2025-04-30T06:06:50.904Z","level":"info","name":"ProcessPlugins","message":"Plugin directory contains 41 files/directories","details":{}}
{"timestamp":"2025-04-30T06:06:50.904Z","level":"info","name":"ProcessPlugins","message":"Updated activation state for googleanalytics.php","details":{}}
{"timestamp":"2025-04-30T06:06:50.904Z","level":"info","name":"ProcessPlugins","message":"✅ Successfully processed googleanalytics.php","details":{}}
{"timestamp":"2025-04-30T06:06:50.904Z","level":"info","name":"ProcessPlugins","message":"\nProcessing plugin: hcaptcha-for-forms-and-more","details":{}}
{"timestamp":"2025-04-30T06:06:50.904Z","level":"info","name":"ProcessPlugins","message":"Plugin directory path: /home/runner/work/Internal---TechOps-Automation/Internal---TechOps-Automation/wp-content/plugins/hcaptcha-for-forms-and-more","details":{}}
{"timestamp":"2025-04-30T06:06:50.904Z","level":"info","name":"ProcessPlugins","message":"Plugin zip path: /home/runner/work/Internal---TechOps-Automation/Internal---TechOps-Automation/wp-content/plugins/hcaptcha-for-forms-and-more.zip","details":{}}
{"timestamp":"2025-04-30T06:06:52.474Z","level":"info","name":"ProcessPlugins","message":"Removing existing hcaptcha-for-forms-and-more directory...","details":{}}
{"timestamp":"2025-04-30T06:06:52.533Z","level":"info","name":"ProcessPlugins","message":"Downloading hcaptcha-for-forms-and-more...","details":{}}
{"timestamp":"2025-04-30T06:06:54.654Z","level":"info","name":"ProcessPlugins","message":"Extracting hcaptcha-for-forms-and-more...","details":{}}
{"timestamp":"2025-04-30T06:06:54.712Z","level":"info","name":"ProcessPlugins","message":"Verifying hcaptcha-for-forms-and-more contents...","details":{}}
{"timestamp":"2025-04-30T06:06:54.712Z","level":"info","name":"ProcessPlugins","message":"Plugin directory contains 11 files/directories","details":{}}
{"timestamp":"2025-04-30T06:06:54.712Z","level":"info","name":"ProcessPlugins","message":"Updated activation state for hcaptcha-for-forms-and-more","details":{}}
{"timestamp":"2025-04-30T06:06:54.712Z","level":"info","name":"ProcessPlugins","message":"✅ Successfully processed hcaptcha-for-forms-and-more","details":{}}
{"timestamp":"2025-04-30T06:06:54.712Z","level":"info","name":"ProcessPlugins","message":"\nProcessing plugin: hello.php","details":{}}
{"timestamp":"2025-04-30T06:06:54.713Z","level":"info","name":"ProcessPlugins","message":"Plugin directory path: /home/runner/work/Internal---TechOps-Automation/Internal---TechOps-Automation/wp-content/plugins/hello.php","details":{}}
{"timestamp":"2025-04-30T06:06:54.713Z","level":"info","name":"ProcessPlugins","message":"Plugin zip path: /home/runner/work/Internal---TechOps-Automation/Internal---TechOps-Automation/wp-content/plugins/hello.php.zip","details":{}}
{"timestamp":"2025-04-30T06:06:56.363Z","level":"info","name":"ProcessPlugins","message":"Removing existing hello.php directory...","details":{}}
{"timestamp":"2025-04-30T06:06:57.084Z","level":"info","name":"ProcessPlugins","message":"Downloading hello.php...","details":{}}
{"timestamp":"2025-04-30T06:07:17.887Z","level":"info","name":"ProcessPlugins","message":"Extracting hello.php...","details":{}}
{"timestamp":"2025-04-30T06:07:19.918Z","level":"info","name":"ProcessPlugins","message":"Verifying hello.php contents...","details":{}}
{"timestamp":"2025-04-30T06:07:19.919Z","level":"info","name":"ProcessPlugins","message":"Plugin directory contains 41 files/directories","details":{}}
{"timestamp":"2025-04-30T06:07:19.919Z","level":"info","name":"ProcessPlugins","message":"Updated activation state for hello.php","details":{}}
{"timestamp":"2025-04-30T06:07:19.919Z","level":"info","name":"ProcessPlugins","message":"✅ Successfully processed hello.php","details":{}}
{"timestamp":"2025-04-30T06:07:19.919Z","level":"info","name":"ProcessPlugins","message":"\nProcessing plugin: wp-maintenance-mode","details":{}}
{"timestamp":"2025-04-30T06:07:19.919Z","level":"info","name":"ProcessPlugins","message":"Plugin directory path: /home/runner/work/Internal---TechOps-Automation/Internal---TechOps-Automation/wp-content/plugins/wp-maintenance-mode","details":{}}
{"timestamp":"2025-04-30T06:07:19.919Z","level":"info","name":"ProcessPlugins","message":"Plugin zip path: /home/runner/work/Internal---TechOps-Automation/Internal---TechOps-Automation/wp-content/plugins/wp-maintenance-mode.zip","details":{}}
{"timestamp":"2025-04-30T06:07:21.447Z","level":"info","name":"ProcessPlugins","message":"Removing existing wp-maintenance-mode directory...","details":{}}
{"timestamp":"2025-04-30T06:07:21.462Z","level":"info","name":"ProcessPlugins","message":"Downloading wp-maintenance-mode...","details":{}}
{"timestamp":"2025-04-30T06:07:24.056Z","level":"info","name":"ProcessPlugins","message":"Extracting wp-maintenance-mode...","details":{}}
{"timestamp":"2025-04-30T06:07:24.132Z","level":"info","name":"ProcessPlugins","message":"Verifying wp-maintenance-mode contents...","details":{}}
{"timestamp":"2025-04-30T06:07:24.132Z","level":"info","name":"ProcessPlugins","message":"Plugin directory contains 11 files/directories","details":{}}
{"timestamp":"2025-04-30T06:07:24.133Z","level":"info","name":"ProcessPlugins","message":"Updated activation state for wp-maintenance-mode","details":{}}
{"timestamp":"2025-04-30T06:07:24.133Z","level":"info","name":"ProcessPlugins","message":"✅ Successfully processed wp-maintenance-mode","details":{}}
{"timestamp":"2025-04-30T06:07:24.133Z","level":"info","name":"ProcessPlugins","message":"\nProcessing plugin: object-cache-pro","details":{}}
{"timestamp":"2025-04-30T06:07:24.133Z","level":"info","name":"ProcessPlugins","message":"Plugin directory path: /home/runner/work/Internal---TechOps-Automation/Internal---TechOps-Automation/wp-content/plugins/object-cache-pro","details":{}}
{"timestamp":"2025-04-30T06:07:24.133Z","level":"info","name":"ProcessPlugins","message":"Plugin zip path: /home/runner/work/Internal---TechOps-Automation/Internal---TechOps-Automation/wp-content/plugins/object-cache-pro.zip","details":{}}
{"timestamp":"2025-04-30T06:07:25.680Z","level":"info","name":"ProcessPlugins","message":"Removing existing object-cache-pro directory...","details":{}}
{"timestamp":"2025-04-30T06:07:25.691Z","level":"info","name":"ProcessPlugins","message":"Downloading object-cache-pro...","details":{}}
{"timestamp":"2025-04-30T06:07:27.445Z","level":"info","name":"ProcessPlugins","message":"Extracting object-cache-pro...","details":{}}
{"timestamp":"2025-04-30T06:07:27.466Z","level":"info","name":"ProcessPlugins","message":"Verifying object-cache-pro contents...","details":{}}
{"timestamp":"2025-04-30T06:07:27.466Z","level":"info","name":"ProcessPlugins","message":"Plugin directory contains 10 files/directories","details":{}}
{"timestamp":"2025-04-30T06:07:27.467Z","level":"info","name":"ProcessPlugins","message":"Updated activation state for object-cache-pro","details":{}}
{"timestamp":"2025-04-30T06:07:27.467Z","level":"info","name":"ProcessPlugins","message":"✅ Successfully processed object-cache-pro","details":{}}
{"timestamp":"2025-04-30T06:07:27.467Z","level":"info","name":"ProcessPlugins","message":"\nProcessing plugin: otter-blocks","details":{}}
{"timestamp":"2025-04-30T06:07:27.467Z","level":"info","name":"ProcessPlugins","message":"Plugin directory path: /home/runner/work/Internal---TechOps-Automation/Internal---TechOps-Automation/wp-content/plugins/otter-blocks","details":{}}
{"timestamp":"2025-04-30T06:07:27.467Z","level":"info","name":"ProcessPlugins","message":"Plugin zip path: /home/runner/work/Internal---TechOps-Automation/Internal---TechOps-Automation/wp-content/plugins/otter-blocks.zip","details":{}}
{"timestamp":"2025-04-30T06:07:29.169Z","level":"info","name":"ProcessPlugins","message":"Removing existing otter-blocks directory...","details":{}}
{"timestamp":"2025-04-30T06:07:29.224Z","level":"info","name":"ProcessPlugins","message":"Downloading otter-blocks...","details":{}}
{"timestamp":"2025-04-30T06:07:32.519Z","level":"info","name":"ProcessPlugins","message":"Extracting otter-blocks...","details":{}}
{"timestamp":"2025-04-30T06:07:32.690Z","level":"info","name":"ProcessPlugins","message":"Verifying otter-blocks contents...","details":{}}
{"timestamp":"2025-04-30T06:07:32.691Z","level":"info","name":"ProcessPlugins","message":"Plugin directory contains 9 files/directories","details":{}}
{"timestamp":"2025-04-30T06:07:32.691Z","level":"info","name":"ProcessPlugins","message":"Updated activation state for otter-blocks","details":{}}
{"timestamp":"2025-04-30T06:07:32.691Z","level":"info","name":"ProcessPlugins","message":"✅ Successfully processed otter-blocks","details":{}}
{"timestamp":"2025-04-30T06:07:32.691Z","level":"info","name":"ProcessPlugins","message":"\nProcessing plugin: stop-emails","details":{}}
{"timestamp":"2025-04-30T06:07:32.691Z","level":"info","name":"ProcessPlugins","message":"Plugin directory path: /home/runner/work/Internal---TechOps-Automation/Internal---TechOps-Automation/wp-content/plugins/stop-emails","details":{}}
{"timestamp":"2025-04-30T06:07:32.691Z","level":"info","name":"ProcessPlugins","message":"Plugin zip path: /home/runner/work/Internal---TechOps-Automation/Internal---TechOps-Automation/wp-content/plugins/stop-emails.zip","details":{}}
{"timestamp":"2025-04-30T06:07:34.283Z","level":"info","name":"ProcessPlugins","message":"Removing existing stop-emails directory...","details":{}}
{"timestamp":"2025-04-30T06:07:34.285Z","level":"info","name":"ProcessPlugins","message":"Downloading stop-emails...","details":{}}
{"timestamp":"2025-04-30T06:07:35.791Z","level":"info","name":"ProcessPlugins","message":"Extracting stop-emails...","details":{}}
{"timestamp":"2025-04-30T06:07:35.797Z","level":"info","name":"ProcessPlugins","message":"Verifying stop-emails contents...","details":{}}
{"timestamp":"2025-04-30T06:07:35.797Z","level":"info","name":"ProcessPlugins","message":"Plugin directory contains 12 files/directories","details":{}}
{"timestamp":"2025-04-30T06:07:35.797Z","level":"info","name":"ProcessPlugins","message":"Updated activation state for stop-emails","details":{}}
{"timestamp":"2025-04-30T06:07:35.797Z","level":"info","name":"ProcessPlugins","message":"✅ Successfully processed stop-emails","details":{}}
{"timestamp":"2025-04-30T06:07:35.797Z","level":"info","name":"ProcessPlugins","message":"\nProcessing plugin: td-cloud-library","details":{}}
{"timestamp":"2025-04-30T06:07:35.797Z","level":"info","name":"ProcessPlugins","message":"Plugin directory path: /home/runner/work/Internal---TechOps-Automation/Internal---TechOps-Automation/wp-content/plugins/td-cloud-library","details":{}}
{"timestamp":"2025-04-30T06:07:35.797Z","level":"info","name":"ProcessPlugins","message":"Plugin zip path: /home/runner/work/Internal---TechOps-Automation/Internal---TechOps-Automation/wp-content/plugins/td-cloud-library.zip","details":{}}
{"timestamp":"2025-04-30T06:07:37.352Z","level":"info","name":"ProcessPlugins","message":"Removing existing td-cloud-library directory...","details":{}}
{"timestamp":"2025-04-30T06:07:37.367Z","level":"info","name":"ProcessPlugins","message":"Downloading td-cloud-library...","details":{}}
{"timestamp":"2025-04-30T06:07:39.712Z","level":"info","name":"ProcessPlugins","message":"Extracting td-cloud-library...","details":{}}
{"timestamp":"2025-04-30T06:07:39.777Z","level":"info","name":"ProcessPlugins","message":"Verifying td-cloud-library contents...","details":{}}
{"timestamp":"2025-04-30T06:07:39.777Z","level":"info","name":"ProcessPlugins","message":"Plugin directory contains 11 files/directories","details":{}}
{"timestamp":"2025-04-30T06:07:39.777Z","level":"info","name":"ProcessPlugins","message":"Updated activation state for td-cloud-library","details":{}}
{"timestamp":"2025-04-30T06:07:39.777Z","level":"info","name":"ProcessPlugins","message":"✅ Successfully processed td-cloud-library","details":{}}
{"timestamp":"2025-04-30T06:07:39.777Z","level":"info","name":"ProcessPlugins","message":"\nProcessing plugin: td-composer","details":{}}
{"timestamp":"2025-04-30T06:07:39.777Z","level":"info","name":"ProcessPlugins","message":"Plugin directory path: /home/runner/work/Internal---TechOps-Automation/Internal---TechOps-Automation/wp-content/plugins/td-composer","details":{}}
{"timestamp":"2025-04-30T06:07:39.777Z","level":"info","name":"ProcessPlugins","message":"Plugin zip path: /home/runner/work/Internal---TechOps-Automation/Internal---TechOps-Automation/wp-content/plugins/td-composer.zip","details":{}}
{"timestamp":"2025-04-30T06:07:41.308Z","level":"info","name":"ProcessPlugins","message":"Removing existing td-composer directory...","details":{}}
{"timestamp":"2025-04-30T06:07:41.467Z","level":"info","name":"ProcessPlugins","message":"Downloading td-composer...","details":{}}
{"timestamp":"2025-04-30T06:07:46.099Z","level":"info","name":"ProcessPlugins","message":"Extracting td-composer...","details":{}}
{"timestamp":"2025-04-30T06:07:46.565Z","level":"info","name":"ProcessPlugins","message":"Verifying td-composer contents...","details":{}}
{"timestamp":"2025-04-30T06:07:46.565Z","level":"info","name":"ProcessPlugins","message":"Plugin directory contains 9 files/directories","details":{}}
{"timestamp":"2025-04-30T06:07:46.565Z","level":"info","name":"ProcessPlugins","message":"Updated activation state for td-composer","details":{}}
{"timestamp":"2025-04-30T06:07:46.565Z","level":"info","name":"ProcessPlugins","message":"✅ Successfully processed td-composer","details":{}}
{"timestamp":"2025-04-30T06:07:46.565Z","level":"info","name":"ProcessPlugins","message":"\nProcessing plugin: techops-content-sync-deact","details":{}}
{"timestamp":"2025-04-30T06:07:46.565Z","level":"info","name":"ProcessPlugins","message":"Plugin directory path: /home/runner/work/Internal---TechOps-Automation/Internal---TechOps-Automation/wp-content/plugins/techops-content-sync-deact","details":{}}
{"timestamp":"2025-04-30T06:07:46.565Z","level":"info","name":"ProcessPlugins","message":"Plugin zip path: /home/runner/work/Internal---TechOps-Automation/Internal---TechOps-Automation/wp-content/plugins/techops-content-sync-deact.zip","details":{}}
{"timestamp":"2025-04-30T06:07:48.161Z","level":"info","name":"ProcessPlugins","message":"Removing existing techops-content-sync-deact directory...","details":{}}
{"timestamp":"2025-04-30T06:07:48.162Z","level":"info","name":"ProcessPlugins","message":"Downloading techops-content-sync-deact...","details":{}}
{"timestamp":"2025-04-30T06:07:49.423Z","level":"info","name":"ProcessPlugins","message":"Extracting techops-content-sync-deact...","details":{}}
{"timestamp":"2025-04-30T06:07:49.427Z","level":"info","name":"ProcessPlugins","message":"Verifying techops-content-sync-deact contents...","details":{}}
{"timestamp":"2025-04-30T06:07:49.427Z","level":"info","name":"ProcessPlugins","message":"Plugin directory contains 4 files/directories","details":{}}
{"timestamp":"2025-04-30T06:07:49.427Z","level":"info","name":"ProcessPlugins","message":"Updated activation state for techops-content-sync-deact","details":{}}
{"timestamp":"2025-04-30T06:07:49.427Z","level":"info","name":"ProcessPlugins","message":"✅ Successfully processed techops-content-sync-deact","details":{}}
{"timestamp":"2025-04-30T06:07:49.427Z","level":"info","name":"ProcessPlugins","message":"\nProcessing plugin: updraftplus","details":{}}
{"timestamp":"2025-04-30T06:07:49.427Z","level":"info","name":"ProcessPlugins","message":"Plugin directory path: /home/runner/work/Internal---TechOps-Automation/Internal---TechOps-Automation/wp-content/plugins/updraftplus","details":{}}
{"timestamp":"2025-04-30T06:07:49.427Z","level":"info","name":"ProcessPlugins","message":"Plugin zip path: /home/runner/work/Internal---TechOps-Automation/Internal---TechOps-Automation/wp-content/plugins/updraftplus.zip","details":{}}
{"timestamp":"2025-04-30T06:07:51.037Z","level":"info","name":"ProcessPlugins","message":"Removing existing updraftplus directory...","details":{}}
{"timestamp":"2025-04-30T06:07:51.111Z","level":"info","name":"ProcessPlugins","message":"Downloading updraftplus...","details":{}}
{"timestamp":"2025-04-30T06:07:54.220Z","level":"info","name":"ProcessPlugins","message":"Extracting updraftplus...","details":{}}
{"timestamp":"2025-04-30T06:07:54.406Z","level":"info","name":"ProcessPlugins","message":"Verifying updraftplus contents...","details":{}}
{"timestamp":"2025-04-30T06:07:54.406Z","level":"info","name":"ProcessPlugins","message":"Plugin directory contains 21 files/directories","details":{}}
{"timestamp":"2025-04-30T06:07:54.407Z","level":"info","name":"ProcessPlugins","message":"Updated activation state for updraftplus","details":{}}
{"timestamp":"2025-04-30T06:07:54.407Z","level":"info","name":"ProcessPlugins","message":"✅ Successfully processed updraftplus","details":{}}
{"timestamp":"2025-04-30T06:07:54.407Z","level":"info","name":"ProcessPlugins","message":"\nProcessing plugin: wordfence","details":{}}
{"timestamp":"2025-04-30T06:07:54.407Z","level":"info","name":"ProcessPlugins","message":"Plugin directory path: /home/runner/work/Internal---TechOps-Automation/Internal---TechOps-Automation/wp-content/plugins/wordfence","details":{}}
{"timestamp":"2025-04-30T06:07:54.407Z","level":"info","name":"ProcessPlugins","message":"Plugin zip path: /home/runner/work/Internal---TechOps-Automation/Internal---TechOps-Automation/wp-content/plugins/wordfence.zip","details":{}}
{"timestamp":"2025-04-30T06:07:56.419Z","level":"info","name":"ProcessPlugins","message":"Removing existing wordfence directory...","details":{}}
{"timestamp":"2025-04-30T06:07:56.457Z","level":"info","name":"ProcessPlugins","message":"Downloading wordfence...","details":{}}
{"timestamp":"2025-04-30T06:08:04.040Z","level":"info","name":"ProcessPlugins","message":"Extracting wordfence...","details":{}}
{"timestamp":"2025-04-30T06:08:04.212Z","level":"info","name":"ProcessPlugins","message":"Verifying wordfence contents...","details":{}}
{"timestamp":"2025-04-30T06:08:04.212Z","level":"info","name":"ProcessPlugins","message":"Plugin directory contains 17 files/directories","details":{}}
{"timestamp":"2025-04-30T06:08:04.212Z","level":"info","name":"ProcessPlugins","message":"Updated activation state for wordfence","details":{}}
{"timestamp":"2025-04-30T06:08:04.212Z","level":"info","name":"ProcessPlugins","message":"✅ Successfully processed wordfence","details":{}}
{"timestamp":"2025-04-30T06:08:04.212Z","level":"info","name":"ProcessPlugins","message":"\nProcessing plugin: wp-security-audit-log","details":{}}
{"timestamp":"2025-04-30T06:08:04.212Z","level":"info","name":"ProcessPlugins","message":"Plugin directory path: /home/runner/work/Internal---TechOps-Automation/Internal---TechOps-Automation/wp-content/plugins/wp-security-audit-log","details":{}}
{"timestamp":"2025-04-30T06:08:04.212Z","level":"info","name":"ProcessPlugins","message":"Plugin zip path: /home/runner/work/Internal---TechOps-Automation/Internal---TechOps-Automation/wp-content/plugins/wp-security-audit-log.zip","details":{}}
{"timestamp":"2025-04-30T06:08:05.897Z","level":"info","name":"ProcessPlugins","message":"Removing existing wp-security-audit-log directory...","details":{}}
{"timestamp":"2025-04-30T06:08:05.924Z","level":"info","name":"ProcessPlugins","message":"Downloading wp-security-audit-log...","details":{}}
{"timestamp":"2025-04-30T06:08:08.623Z","level":"info","name":"ProcessPlugins","message":"Extracting wp-security-audit-log...","details":{}}
{"timestamp":"2025-04-30T06:08:08.718Z","level":"info","name":"ProcessPlugins","message":"Verifying wp-security-audit-log contents...","details":{}}
{"timestamp":"2025-04-30T06:08:08.719Z","level":"info","name":"ProcessPlugins","message":"Plugin directory contains 14 files/directories","details":{}}
{"timestamp":"2025-04-30T06:08:08.719Z","level":"info","name":"ProcessPlugins","message":"Updated activation state for wp-security-audit-log","details":{}}
{"timestamp":"2025-04-30T06:08:08.719Z","level":"info","name":"ProcessPlugins","message":"✅ Successfully processed wp-security-audit-log","details":{}}
{"timestamp":"2025-04-30T06:08:08.719Z","level":"info","name":"ProcessPlugins","message":"\nProcessing plugin: wpforms-lite","details":{}}
{"timestamp":"2025-04-30T06:08:08.719Z","level":"info","name":"ProcessPlugins","message":"Plugin directory path: /home/runner/work/Internal---TechOps-Automation/Internal---TechOps-Automation/wp-content/plugins/wpforms-lite","details":{}}
{"timestamp":"2025-04-30T06:08:08.719Z","level":"info","name":"ProcessPlugins","message":"Plugin zip path: /home/runner/work/Internal---TechOps-Automation/Internal---TechOps-Automation/wp-content/plugins/wpforms-lite.zip","details":{}}
{"timestamp":"2025-04-30T06:08:10.328Z","level":"info","name":"ProcessPlugins","message":"Removing existing wpforms-lite directory...","details":{}}
{"timestamp":"2025-04-30T06:08:10.448Z","level":"info","name":"ProcessPlugins","message":"Downloading wpforms-lite...","details":{}}
{"timestamp":"2025-04-30T06:08:14.917Z","level":"info","name":"ProcessPlugins","message":"Extracting wpforms-lite...","details":{}}
{"timestamp":"2025-04-30T06:08:15.209Z","level":"info","name":"ProcessPlugins","message":"Verifying wpforms-lite contents...","details":{}}
{"timestamp":"2025-04-30T06:08:15.209Z","level":"info","name":"ProcessPlugins","message":"Plugin directory contains 11 files/directories","details":{}}
{"timestamp":"2025-04-30T06:08:15.209Z","level":"info","name":"ProcessPlugins","message":"Updated activation state for wpforms-lite","details":{}}
{"timestamp":"2025-04-30T06:08:15.209Z","level":"info","name":"ProcessPlugins","message":"✅ Successfully processed wpforms-lite","details":{}}
{"timestamp":"2025-04-30T06:08:15.209Z","level":"info","name":"ProcessPlugins","message":"\nProcessing plugin: wp-mail-smtp","details":{}}
{"timestamp":"2025-04-30T06:08:15.209Z","level":"info","name":"ProcessPlugins","message":"Plugin directory path: /home/runner/work/Internal---TechOps-Automation/Internal---TechOps-Automation/wp-content/plugins/wp-mail-smtp","details":{}}
{"timestamp":"2025-04-30T06:08:15.209Z","level":"info","name":"ProcessPlugins","message":"Plugin zip path: /home/runner/work/Internal---TechOps-Automation/Internal---TechOps-Automation/wp-content/plugins/wp-mail-smtp.zip","details":{}}
{"timestamp":"2025-04-30T06:08:16.763Z","level":"info","name":"ProcessPlugins","message":"Removing existing wp-mail-smtp directory...","details":{}}
{"timestamp":"2025-04-30T06:08:16.809Z","level":"info","name":"ProcessPlugins","message":"Downloading wp-mail-smtp...","details":{}}
{"timestamp":"2025-04-30T06:08:19.139Z","level":"info","name":"ProcessPlugins","message":"Extracting wp-mail-smtp...","details":{}}
{"timestamp":"2025-04-30T06:08:19.238Z","level":"info","name":"ProcessPlugins","message":"Verifying wp-mail-smtp contents...","details":{}}
{"timestamp":"2025-04-30T06:08:19.238Z","level":"info","name":"ProcessPlugins","message":"Plugin directory contains 8 files/directories","details":{}}
{"timestamp":"2025-04-30T06:08:19.239Z","level":"info","name":"ProcessPlugins","message":"Updated activation state for wp-mail-smtp","details":{}}
{"timestamp":"2025-04-30T06:08:19.239Z","level":"info","name":"ProcessPlugins","message":"✅ Successfully processed wp-mail-smtp","details":{}}
{"timestamp":"2025-04-30T06:08:19.239Z","level":"info","name":"ProcessPlugins","message":"\nProcessing plugin: wordpress-seo","details":{}}
{"timestamp":"2025-04-30T06:08:19.239Z","level":"info","name":"ProcessPlugins","message":"Plugin directory path: /home/runner/work/Internal---TechOps-Automation/Internal---TechOps-Automation/wp-content/plugins/wordpress-seo","details":{}}
{"timestamp":"2025-04-30T06:08:19.239Z","level":"info","name":"ProcessPlugins","message":"Plugin zip path: /home/runner/work/Internal---TechOps-Automation/Internal---TechOps-Automation/wp-content/plugins/wordpress-seo.zip","details":{}}
{"timestamp":"2025-04-30T06:08:20.847Z","level":"info","name":"ProcessPlugins","message":"Removing existing wordpress-seo directory...","details":{}}
{"timestamp":"2025-04-30T06:08:20.926Z","level":"info","name":"ProcessPlugins","message":"Downloading wordpress-seo...","details":{}}
{"timestamp":"2025-04-30T06:08:24.010Z","level":"info","name":"ProcessPlugins","message":"Extracting wordpress-seo...","details":{}}
{"timestamp":"2025-04-30T06:08:24.179Z","level":"info","name":"ProcessPlugins","message":"Verifying wordpress-seo contents...","details":{}}
{"timestamp":"2025-04-30T06:08:24.179Z","level":"info","name":"ProcessPlugins","message":"Plugin directory contains 17 files/directories","details":{}}
{"timestamp":"2025-04-30T06:08:24.180Z","level":"info","name":"ProcessPlugins","message":"Updated activation state for wordpress-seo","details":{}}
{"timestamp":"2025-04-30T06:08:24.180Z","level":"info","name":"ProcessPlugins","message":"✅ Successfully processed wordpress-seo","details":{}}
{"timestamp":"2025-04-30T06:08:24.180Z","level":"info","name":"ProcessPlugins","message":"\n✅ Plugin processing completed successfully","details":{}}
